root - INFO - Invoke function: test_import to retrieve bank data from a file
root - INFO - Enter function: import_data
root - INFO - Return data frame: csv_df
root - INFO - Testing import_data: SUCCESS
root - INFO - Invoke function: test_eda to test perform_eda
root - INFO - Enter function: import_data
root - INFO - Return data frame: csv_df
root - INFO - Enter function: perform_eda
root - INFO - Save image: churn_hist.png
root - INFO - Save image: customer_age_hist.png
root - INFO - Save image: marital_status_hist.png
root - INFO - Save image: total_transaction_hist.png
root - INFO - Save image: heatmap.png
root - INFO - Testing perform_eda: SUCCESS
root - INFO - Invoke function: test_encoder_helper to test encoder_helper
root - INFO - Enter function: import_data
root - INFO - Return data frame: csv_df
root - INFO - Enter function: perform_eda
root - INFO - Save image: churn_hist.png
root - INFO - Save image: customer_age_hist.png
root - INFO - Save image: marital_status_hist.png
root - INFO - Save image: total_transaction_hist.png
root - INFO - Save image: heatmap.png
root - INFO - Enter function: encoder_helper
root - INFO - Return data frame: encoder_df
root - INFO - Testing encoder_helper: SUCCESS
root - INFO - Invoke function: test_perform_feature_engineering
root - INFO - Enter function: import_data
root - INFO - Return data frame: csv_df
root - INFO - Enter function: perform_eda
root - INFO - Save image: churn_hist.png
root - INFO - Save image: customer_age_hist.png
root - INFO - Save image: marital_status_hist.png
root - INFO - Save image: total_transaction_hist.png
root - INFO - Save image: heatmap.png
root - INFO - Enter function: perform_feature_engineering
root - INFO - Invoke function: encoder_helper
root - INFO - Enter function: encoder_helper
root - INFO - Return data frame: encoder_df
root - INFO - Invoke function: train_test_split
root - INFO - return: X_train, X_test, y_train, y_test
root - INFO - Testing perform_feature_engineering: SUCCESS
root - INFO - Invoke function: test_train_and_store_models
root - INFO - Enter function: import_data
root - INFO - Return data frame: csv_df
root - INFO - Enter function: perform_eda
root - INFO - Save image: churn_hist.png
root - INFO - Save image: customer_age_hist.png
root - INFO - Save image: marital_status_hist.png
root - INFO - Save image: total_transaction_hist.png
root - INFO - Save image: heatmap.png
root - INFO - Enter function: perform_feature_engineering
root - INFO - Invoke function: encoder_helper
root - INFO - Enter function: encoder_helper
root - INFO - Return data frame: encoder_df
root - INFO - Invoke function: train_test_split
root - INFO - return: X_train, X_test, y_train, y_test
root - INFO - Enter function: train_and_store_models
root - INFO - Invoke function: lrc.fit
root - INFO - Invoke function: GridSearchCV
root - INFO - Invoke function: cv_rfc.fit
root - INFO - Save model: logistic_regression_model.pkl
root - INFO - Save model: random_forest_model.pkl
root - INFO - Invoke function: classification_report_image
root - INFO - Enter function: classification_report_image
root - INFO - Save image: Random_Forest_classification_report.png
root - INFO - Save image: Logistic_Regression_classification_report.png
root - INFO - Invoke function: roc_curve_image
root - INFO - Enter function: roc_curve_image
root - INFO - Save image: rfc_lr_roc_curves.png
root - INFO - Invoke function: feature_importance_plot
root - INFO - Enter function: feature_importance_plot
root - INFO - Save image: rfc_feature_importance.png
root - INFO - Testing train_and_store_models: SUCCESS
root - INFO - Test functions in module churn_library completed !
